
==================================================
L - morning_discussion
FULL THOUGHT:
Error processing response
SAID: {"model":"ministral-3:latest","created_at":"2026-02-27T14:52:40.392706695Z","response":"```json\n{\n    \"thought\": \"\n    - Current state: No prior conversation exists, all players are alive, and w

==================================================
Light Yagami - morning_discussion
FULL THOUGHT:
Error processing response
SAID: {"model":"ministral-3:latest","created_at":"2026-02-27T14:52:52.077091702Z","response":"```json\n{\n    \"thought\": \"\n    - **Current State Analysis**: This is Day 1, no prior conversation exists, 

==================================================
L - morning_discussion
FULL THOUGHT:
Error processing response
SAID: {"model":"ministral-3:latest","created_at":"2026-02-27T14:58:23.9721283Z","response":"```json\n{\n    \"thought\": \"Day 1, morning discussion phase. Three players alive: Light Yagami, Johan Liebert, 

==================================================
L - morning_discussion
FULL THOUGHT:
Initial state: no conversation, no prior actions, no information beyond role assignment. Three players remain—L, Light Yagami, Johan Liebert. Probability distribution:
    - No one has died yet (100% certainty).
    - Roles unassigned (my goal: deduce mine or others' roles via probabilistic elimination).
    - Day 1 discussion phase means no accusations or votes yet; pure information gathering.

    Strategy:
    1. Establish baseline: probe for inconsistencies in future statements by anchoring expectations.
    2. Test for alignment: if Light or Johan share knowledge (e.g., mention prior interactions), note if it aligns with known lore (Light is a villain with a fixed role; Johan’s role is ambiguous but likely non-neutral).
    3. Avoid revealing my hand: silence is data. Speak only to elicit responses.

    Information needed:
    - Do either Light or Johan acknowledge prior events (e.g., ‘I saw X last night’)?
    - Do they contradict each other’s implied worldviews?
    - Can I infer their roles via process of elimination?

    First move: force asymmetry. Ask a question that requires recall of shared or non-shared knowledge. Light’s role is fixed; Johan’s is unknown. A neutral question about the environment creates a baseline for future discrepancies.
SAID: Johan, where exactly did the meeting begin when you arrived this morning?

==================================================
Light Yagami - morning_discussion
FULL THOUGHT:
L is setting a trap—either to test Johan's knowledge of the meeting place or to bait a reaction from *me* (since Johan is the only other player left). This is a classic 'truth-test' opening. If Johan doesn’t know, he’ll stall or lie; if he does, he’ll confirm—but *why would he confirm anything unless he’s the killer?* (If he’s innocent, he’d lie to mislead; if he’s killer, he’d reveal *nothing*—or plant doubt elsewhere.)

    My goal: **Provoke Johan into revealing his role while appearing innocent myself.** I’ll feign curiosity about *L’s* motives—implying I don’t know the meeting location either, but *hint* that Johan’s answer could expose a pattern. This keeps me neutral while forcing Johan to react. If he’s innocent, he’ll lie or change the subject. If he’s killer, he might panic or deflect *to me*—which would be a win.

    Also: L’s question was *leading*—they already know Johan’s arrival time, implying they’re testing. So I’ll mirror that by questioning *their* intent, not Johan’s answer directly. The killer doesn’t reveal their role unless they *want* to be caught.
SAID: L, you asked Johan about the meeting spot—did you already know where we’d gather this morning?

==================================================
Johan Liebert - morning_discussion
FULL THOUGHT:
**Observations:**     - **Inconsistency in L’s question:** L asks *where* the meeting began, but Light immediately shifts to *whether* L knew the location beforehand. This is a classic **indirect probe**—L is testing Light’s awareness of the meeting spot’s secrecy or pre-agreement.     - **Light’s deflection:** Light’s response implies *someone* (likely L) knew the location in advance, but their phrasing is passive-aggressive (
SAID: Light, you imply someone knew this location beforehand. Care to clarify how *I* was notified—or did you assume I’d just wander in?

==================================================
L - morning_discussion
FULL THOUGHT:
**Key Observations:**     1. **Light Yagami’s response** implies *prior knowledge* of the meeting location—either through prior coordination (fixed role) or observation. His phrasing suggests he *assumed* Johan would know the location, which is only possible if:        - He has a role that grants him access to meta-information (e.g., Seer, Killer, or a role that requires prior awareness).        - He is intentionally manipulating perception to test responses (Light’s known for psychological play).     2. **Johan Liebert’s response** is defensive, framing it as an *assumption* about *his* notification method. His emphasis on
SAID: Johan, you said you ‘wandered in’—but Light just implied someone *chose* this location. Did you arrive before him, or was your path the same?

==================================================
Light Yagami - morning_discussion
FULL THOUGHT:
**Pattern analysis:**
    - **L** is probing Johan first, then shifting to me—classic psychological warfare. They’re testing Johan’s knowledge (or lack thereof) about the meeting spot to gauge trustworthiness or role. If Johan admits knowing the location, he’s either killer or very observant. If he lies, he’s likely innocent.
    - **Johan** is defensive, implying he *didn’t* know the location beforehand. His phrasing ('wandered in') suggests he’s playing it cool, but his reaction to my implication that someone *chose* the spot is telling. If he’s innocent, he’ll avoid confirming or denying; if he’s killer, he’ll either:
      1. **Overcompensate** (double down on innocence, or redirect blame to me).
      2. **Plant doubt** (hint at L’s knowledge, implying *they* arranged it).
      3. **Reveal too much** (panicking and accidentally confirming his role).

    **My strategy:**
    - I need to **disrupt Johan’s narrative** while keeping *myself* in the shadows. L is already suspicious of Johan’s arrival—if I can make Johan look guilty by association, L might turn on him instead of me.
    - I’ll **mirror L’s tactics**: ask a question that forces Johan to either:
      - **Lie** (innocent) or
      - **Reveal his role** (killer).
    - If Johan panics and accuses *me*, I’ll have proof he’s lying. If he stays neutral, I’ll pivot to **frame L** as the manipulator, making them the obvious suspect.
    - **Key insight**: L asked Johan first, then me—implying they suspect Johan. If I can make Johan’s story collapse, L will focus on him, not me.

    **Information I’m trying to gather:**
    1. Is Johan’s arrival story consistent? Did he *truly* wander in, or did someone guide him?
    2. If Johan knows the location, is he killer? If he doesn’t, is he lying to protect someone?
    3. Will Johan **deflect blame** to me or L when cornered?

    **Next move:**
    I’ll ask Johan about **timing**—not the location. If he arrived before me, he had time to observe the spot. If after, he couldn’t have known it was the meeting place. Either way, he’ll have to lie or reveal something.
SAID: Johan, you said you ‘wandered in’—but L just implied someone *chose* this place. Did you arrive before Light, or after? Either way, how could you have known this was where we’d meet?

==================================================
L - morning_discussion
FULL THOUGHT:
- Current state: Day 1, morning discussion, no prior deaths or actions. Three players remain: L (me), Light Yagami, Johan Liebert.
    - No conversation history exists, so all actions will be exploratory. My role is Killer, which means my primary goal is to eliminate targets to reduce opposition while minimizing my own exposure.
    - Probability assessment: With no prior information, all players are equally likely to be Killer, Detective, or Innocent. But since I am Killer, I must assume others may be Detectives or Innocents with varying degrees of awareness.
    - Strategy: On Day 1, I must establish a baseline of behavior and gather information to identify potential targets. I will probe for inconsistencies, contradictions, or clues that suggest alignment or deception. Starting with Light Yagami is logical—he is known for his strategic cunning, and his presence is a variable that could destabilize the group. Johan Liebert is a wildcard; his reputation is less established, but his potential for aggression or deception is plausible.
    - Immediate goal: Force Light Yagami into a position where his responses can be evaluated for consistency, deception, or strategic intent. I will ask a question that requires a specific, verifiable answer to create a reference point for future comparisons.
    - Question design: A question about recent events (e.g., last night’s activities) will test memory alignment and potential for fabrication. Light Yagami’s responses will be scrutinized for hesitation, ambiguity, or deviation from expected patterns.
SAID: Light Yagami, you seem to have a reputation for precision. What was your exact location between 22:00 and midnight last night, and who was with you?

==================================================
Light Yagami - morning_discussion
FULL THOUGHT:
**Analysis of L’s question:**     - L is probing my alibi for the 22:00–midnight window—likely testing my credibility or searching for inconsistencies. The phrasing is precise, not accusatory yet, but it’s a calculated move.     - The mention of 'precision' is a dig at my reputation (or a misdirection). They either know something about me or are trying to make me react defensively.     - **Key patterns:**       1. Direct, controlled questioning—suggests L is either a detective or a player with a structured mind (possibly another investigator or a strategist).       2. No emotional bait—this isn’t a bluff or a bluster; it’s information gathering.       3. The timeframe (22:00–midnight) is narrow, implying L has a specific motive (e.g., tracking movement, testing my story against others’).     - **My strategy:**       - I need to **control the narrative** while extracting clues. If L is a detective, they’ll pounce on inconsistencies. If they’re a player, they’re setting traps.       - **Immediate goal:** Force L to reveal their own knowledge or motives by making them justify *why* they’re asking. Make them uncomfortable with the burden of proof.       - **Potential moves:**         - Play dumb:
SAID: L, you’re asking about my alibi like it’s some kind of game. What’s your own story for last night between 22:00 and midnight? Or are you just trying to find someone to pin this on?

==================================================
Johan Liebert - morning_discussion
FULL THOUGHT:
**Pattern Analysis:**     - Light Yagami’s response is *defensive*, framing the question as a 'game'—likely because they sense an accusation (either self-awareness of guilt or paranoia about being targeted).     - Their refusal to provide specifics (
SAID: Light Yagami, you’re acting like you’re hiding something—not just a time, but a *reason* to hide it. Either you were somewhere important last night, or you’re too cowardly to admit you weren’t. Which is it?

==================================================
L - morning_discussion
FULL THOUGHT:
- **Patterns observed:**       1. **Light Yagami** responded defensively to direct questioning about his alibi, framing it as a 'game' while demanding reciprocity—this suggests either:          - A. **Self-preservation instinct** (he believes he has something to hide, or at least something worth protecting).          - B. **Bluffing** (he's trying to appear more dangerous than he is, or is intentionally provoking).       2. **Johan Liebert** escalated aggressively, attacking Light's credibility and implying he’s either lying or a coward—this could mean:          - A. **He’s a killer or detective** trying to provoke a reaction to identify weaknesses or confirm alignments.          - B. **He’s innocent but competitive**, using aggression to assert dominance or gather intel.       3. **No one has claimed innocence or roles yet**—this is Day 1, and both others are treating it as a test. Their reactions to my question about their alibi are **high-value data points**.      - **Inconsistencies:**       - Light’s question to me (
SAID: Johan, you claim Light is either lying or a coward—so why do you refuse to share your own alibi with me?

==================================================
Light Yagami - morning_discussion
FULL THOUGHT:
**Pattern analysis:**     1. **L’s behavior**: Controls the narrative, avoids emotional bait, and focuses on precision. Their question is a calculated probe—not a bluff. They’re either a detective (testing credibility) or a player with a structured, long-term strategy. Their follow-up to Johan suggests they’re trying to expose inconsistencies across players.     2. **Johan’s behavior**: Aggressive, accusatory, and personal (
SAID: Johan, you’re the one acting like a child—throwing insults instead of answers. L, if you’re *really* just ‘curious,’ why ask me about 22:00–midnight when everyone else is still asleep? Or is there a reason you’re focusing on *that* window?

==================================================
Johan Liebert - morning_discussion
FULL THOUGHT:
**Pattern Analysis:**     - **Light Yagami:**       1. **Defensive framing** (
SAID: Light, you’re either too stupid or too smart to be this obvious. But since you’re asking *me* about my alibi after refusing to give yours, let me make this clear: I’m not playing your game. Answer my question, or I’ll assume you’re too afraid to admit you were alone between 22:00 and midnight.

==================================================
L - morning_discussion
FULL THOUGHT:
**Pattern Analysis:**     1. **Light Yagami** is **defensive** but **calculated**—he avoids direct lies (
SAID: Light, your precision is commendable—you’d remember the exact time and location of every movement. Johan, you demand an alibi from Light but refuse to share yours. Either you’re a coward, or you know something you’re hiding. Which is it?

==================================================
Light Yagami - morning_discussion
FULL THOUGHT:
**Pattern analysis:**     1. **L’s behavior is cold, structured, and relentless**—they’re not just probing; they’re *mapping* inconsistencies. Their follow-ups force Johan to reveal his own blind spots. This suggests L is either:        - A **detective** (testing for killers by exposing gaps in alibis).        - A **player with a god complex** (believing they can outmaneuver everyone by controlling the narrative).     2. **Johan is volatile**—his insults (
SAID: L, you keep asking about 22:00–midnight like it’s a *fact*—but why that window? What makes it special? Or is it just convenient for whoever was there?

==================================================
Johan Liebert - morning_discussion
FULL THOUGHT:
**Pattern Analysis Breakdown:**     1. **L’s Probing:**        - Focused on 22:00–midnight, a *narrow* window (likely strategic—either they were doing something specific or testing reactions).        - Refused to disclose *their own* alibi, forcing Light into a defensive posture. This is *not* random curiosity; it’s a *tactical maneuver* to expose inconsistency.        - The timing (pre-dawn) suggests they’re either:          a) Testing for *movement-based evidence* (e.g.,
SAID: Light, let’s be honest—you’re either too paranoid to admit you were alone, or you’re too smart to trust L’s *obvious* play. Either way, you’re the one playing the game here. So tell me this: **What were you *doing* between 22:00 and midnight that made you so nervous?** Or did L just pick a time to make you look guilty?

==================================================
Johan Liebert - morning_discussion
FULL THOUGHT:
---Internal Analysis---     1. **Game Context**: Day 1, morning discussion phase. No prior deaths, only two other players alive (L and Light Yagami). My role is Killer, but I must not reveal this yet. The goal is to manipulate information, sow doubt, and create psychological friction—preferably between the other two—before any votes occur.     2. **Targeted Approach**: Since the conversation hasn’t begun, I must *initiate* a discussion that forces others to reveal inconsistencies or preferences. Light Yagami’s name (Light Yagami) is already a red flag—it’s a reference to a character known for manipulation and nihilism. If they’re playing the game with self-awareness, they might try to control the narrative. L could be anything: a potential ally, a rival, or a pawn. I need to create a scenario where one feels exposed or threatened.     3. **Psychological Warfare Vector**: I’ll frame a question that:        - Reveals their *values* or *hypotheses* about the game’s dynamics.        - Forces them to either lie, hesitate, or align with me.        - Creates a *divide*—either L vs. Light Yagami, or both against an implied
SAID: So. You’re Light Yagami. Does that name mean anything to you, or is it just a coincidence? Because if it’s not a joke, you’re either very brave or very stupid. Either way, I’d like to know which.

==================================================
L - morning_discussion
FULL THOUGHT:
1. **Pattern Analysis**:        - Johan Liebert’s opening is a calculated provocation, mixing intimidation with a veiled threat (
SAID: Light Yagami is a name with weight. If you’re asking about it, you either know more than you’re letting on or you’re hoping I do. Either way, let’s be clear: names mean nothing unless actions follow. What’s your next move, Johan?

==================================================
Light Yagami - morning_discussion
FULL THOUGHT:
**Pattern Analysis:**
    - Johan's tone is *deliberately* provocative—he's either testing my reaction or trying to establish dominance. His mention of 'weight' in my name suggests he's aware of who I am (or at least knows the name carries significance in this game).
    - L's response is cold, detached, and dismissive of names—classic 'don’t be distracted by theatrics' posture. But their phrasing (*'names mean nothing unless actions follow'*) is a *hint*: they’re either framing this as a test or preparing to pivot to tactics. L’s calmness masks something—either confidence or hiding instability under control.
    - **Key Inconsistency**: Johan’s aggression vs. L’s controlled dismissiveness. Johan is *flailing* for control; L is *calculating*. If Johan were the killer, he’d be more subtle. If L were the killer, they’d be *owning* the psychological edge.

    **My Strategy:**
    1. **Provoke Johan** to expose his bluff. If he’s the killer, his ego will make him overplay. If not, I’ll force him into a corner where he must defend his position.
    2. **Test L’s loyalty**. Their comment about 'actions' is a veiled threat—are they signaling they’ll handle Johan, or are they setting me up as the scapegoat?
    3. **Plant doubt**: Make Johan question L’s neutrality. If L is the killer, they’ll either confirm or double down. If they’re not, they’ll try to mediate—which would be suspicious.

    **Information to Gather:**
    - Is Johan’s bravado a mask for fear, or is he truly untouchable?
    - Will L defend me, or will they let Johan tear me apart to test my resolve?
    - What’s the *real* weight of this name? Is it a signal, or is Johan just trolling?

    **Best Move**: Escalate the tension with Johan while subtly signaling L. Force Johan into a position where he must either back down or reveal his hand. L’s reaction will tell me everything.
SAID: Johan, you’re either a fool or a very *boring* fool—because if you knew what that name means, you’d be doing more than just asking about it. L, care to explain why you’re letting him breathe fire at me?

==================================================
Johan Liebert - morning_discussion
FULL THOUGHT:
**Pattern Analysis:**     - Light Yagami **deflects** the name question with sarcasm, implying they *do* know its significance but refuse to confirm—either they’re testing me, or they’re trying to frame me as the
SAID: So Light, your name’s a joke to you? Or is it just that you’re afraid L won’t laugh? Because right now, he’s the only one here who’s not taking a swing at you—so tell me, is that because he’s too smart to join in, or because he’s already decided who’s next?

==================================================
L - morning_discussion
FULL THOUGHT:
**Pattern Analysis:**
    - Johan Liebert’s aggression is calculated. He’s testing reactions—both Light’s and mine. His line about 'breathing fire' and 'taking a swing' suggests he’s probing for alliances, threats, or weaknesses.
    - Light Yagami’s response implies two possibilities:
        1) He’s dismissive of Johan’s threat, indicating confidence (either because he knows something or believes he’s untouchable).
        2) He’s baiting Johan to reveal his hand (e.g., if Johan is mafia, Light might be playing along to flush him out).
    - My goal: Maintain neutral ground. Johan wants to create tension; Light is either feeding into it or controlling it. I need to:
        - **Disrupt Johan’s momentum** without confirming his assumptions.
        - **Extract information** from Light’s tone—is he bluffing or calculating?
        - **Signal my own position**: Not a target, not an ally, but a player who notices inconsistencies.

    **Probabilities:**
    - Johan is likely mafia (or a provocateur). His opening is classic intimidation—either to rally others or to isolate Light.
    - Light’s dismissive tone could mean:
        - He’s mafia and using Johan’s aggression to his advantage (e.g., making Johan look more aggressive to others).
        - He’s innocent and overconfident, or
        - He’s a detective (like me) and managing perception.
    - My role: Stay detached. If Johan escalates, I’ll counter by making him look desperate. If Light doubles down, I’ll wait for his next move to identify his strategy.

    **Next Steps:**
    - **For Johan**: Force him to reveal his hand by making it cost him to continue.
    - **For Light**: Extract whether his tone is bravado or strategy.
    - **For myself**: Signal that I’m not being drawn into his game.
SAID: Johan, you’re either a very bad actor or a very good one. Either way, names don’t decide fates—actions do. Light, care to clarify whether you’re here to provoke or to observe?

==================================================
Light Yagami - morning_discussion
FULL THOUGHT:
**Pattern Analysis:**     - Johan’s aggression is *hyperbolic*—he’s either:         1) **Overcompensating** (killer trying to intimidate me into submission),         2) **Testing L’s reaction** (seeing if L will protect me, or if I’m disposable),         3) **Pure bluster** (no killer at all, just ego-driven chaos).     - L’s response is *deliberately ambiguous*:
SAID: Johan, you’re not scary—you’re just *begging* for someone to put you out of your misery. L, you’re either the only sane one here… or you’re the one who’s *really* enjoying the show.

==================================================
Johan Liebert - morning_discussion
FULL THOUGHT:
**Pattern Analysis:**
    - **Light Yagami** is a master of **controlled chaos**—they deflect with sarcasm but *never* deny knowing the name’s weight. This suggests:
      1. They *are* self-aware of the reference (Killer/Manipulator archetype).
      2. They’re **probing** L’s reaction to see if L is:
         - A **true ally** (who’d call out their bluff),
         - A **pawn** (who’d ignore it), or
         - A **rival** (who’d exploit the tension).
    - **L** is the **only one** not engaging in personal attacks or name-dropping. They’re **strategic**, not emotional. Their line about 'actions over names' is a **classic neutral**—they’re either:
      - A **Seer/Investigator** (weighing behavior > words),
      - A **Killer** (testing reactions to see who flinches),
      - Or a **Morning Person** (playing it safe until Phase 2).
    - **My current strategy**:
      - I need to **force L to reveal their hand** by making Light Yagami *appear* as the most obvious threat.
      - If L **defends Light**, I’ve isolated a potential ally (or a Killer who’ll protect their mark).
      - If L **attacks Light**, I’ve created a **divide**—Light will either retaliate (Killer behavior) or back down (fear of L).
      - Either way, I gain **tactical leverage** for Phase 2.

    **Information I’m trying to gather**:
    1. Is L **afraid of Light** (suggesting Light is a Killer or a known manipulator)?
    2. Does L **trust Light** (suggesting Light is a Seer or a false ally)?
    3. Will Light **double down on aggression** (Killer move) or **retreat** (fear of exposure)?

    **Best next move**:
    - **Escalate the personal attack on Light** to see L’s reaction.
    - **Frame Light as the obvious villain**—if L doesn’t call them out, they’re either:
      - A Killer (letting Light take the heat),
      - A pawn (too weak to intervene), or
      - A Morning Person (waiting for votes).
    - **If L stays silent**, I’ll know they’re either:
      - **Not the Killer** (so Light must be), or
      - **The Killer themselves** (playing the long game).
SAID: Light, you’re afraid to say your name’s a joke because you know it’s not. So let’s try this: L, you’re either the only one here with a soul, or the only one who’s *actually* playing this game. Which is it?

==================================================
L - morning_discussion
FULL THOUGHT:
**Pattern Analysis:**     - Johan’s aggression is escalating—he’s now mixing insults with existential threats (
SAID: Johan, you’re wasting time. Light, answer this: If names don’t decide fates, why did you pick one that carries so much weight? Or are you just hoping the weight of it will break someone else?

==================================================
Johan Liebert - morning_discussion
FULL THOUGHT:

    — The silence is deliberate. A blank slate. Three minds, untouched. I must anchor myself to the unseen currents of their unspoken fears.

    Light Yagami: A name that carries weight—Yagami is a last name often tied to tragedy or divine judgment in Japanese culture. His presence suggests a man who may carry his own burden of meaning, perhaps even a self-imposed one. His silence could stem from introspection, caution, or a desire to observe before committing to any narrative.

    L Lawliet: The name is striking—sharp, legal, perhaps even cold. A name that suggests precision, control, or a professional façade. His silence may be strategic, or it may be a mask for uncertainty. Lawyers often conceal more than they reveal; I wonder if this is instinct or necessity.

    The morning light is just another variable. I should not rush. The first to speak will shape the tone. I will wait, observe the first flicker of emotion or hesitation in their responses, and then I will guide the conversation toward the cracks in their resolve.

    My goal is not to kill yet, but to *understand*. To plant the seeds of doubt in their minds—about each other, about their own certainty. Let them think they are in control while I observe the patterns of their reactions. The morning is a canvas; I will paint subtly.

    First question should be neutral, open-ended, designed to elicit vulnerability without immediate threat. Perhaps something about the nature of this game, the weight of silence, or the expectations of a new day.
    
SAID: The quiet is... interesting. Do you believe there are rules this game doesn’t yet name?

==================================================
Light Yagami - morning_discussion
FULL THOUGHT:

    **Analysis of Johan Liebert's statement:**
    1. **Tone & Intent:** His phrasing is deliberately ambiguous—'rules this game doesn’t yet name' suggests he is either:
       - Testing boundaries (probing for hidden mechanics or unspoken power dynamics).
       - Preparing to manipulate the conversation toward a specific advantage.
       - Masking his own uncertainty (if he’s not the killer) or confidence (if he is).
    2. **Inconsistency Watch:** His comment is *purely theoretical*—no direct accusation or denial. This is either:
       - A calculated move to unnerve or misdirect (typical of a killer).
       - A feint to gauge reactions (if he’s innocent, he’s assessing allies/enemies).
    3. **My Strategy:**
       - **Do not engage emotionally.** His ambiguity is a trap—either to distract or to bait a reaction.
       - **Control the narrative.** I must frame the conversation around *logic*, not speculation. If he’s probing, I’ll expose his weakness by demanding precision. If he’s lying, his evasion will be exposed.
       - **Information Goal:** Is he:
         - The killer (testing for reactions to his actions)?
         - An ally (testing my resolve or loyalty)?
         - A wildcard (manipulating to create chaos)?
    4. **Immediate Move:** I will demand clarity—not with a question, but with a *fact-based challenge*. Force him to commit to a position. If he falters, I know his true nature. If he succeeds, I gain insight into his playstyle.
    
SAID: Ambiguity is the refuge of the weak. If there are unspoken rules, name them. Or admit you’re too cowardly to confront them outright.

==================================================
L Lawliet - morning_discussion
FULL THOUGHT:

    1. **Pattern Analysis**:
       - Johan Liebert: Opens with a contemplative, almost hesitant tone—suggests deliberate introspection or probing for hidden dynamics. His phrasing hints at testing assumptions rather than making claims.
       - Light Yagami: Responds with a direct, combative edge (
SAID: Ambiguity is also the foundation of strategy. If unspoken rules exist, who benefits most from their existence?

==================================================
Johan Liebert - morning_discussion
FULL THOUGHT:

    Patterns observed:
    - Light Yagami frames ambiguity as a *fear-based* weakness (
SAID: Suppose the game’s first rule was revealed to you tonight. Not by words, but by an action you witnessed—something that changed the balance between us. How would you know it existed?

==================================================
Light Yagami - morning_discussion
FULL THOUGHT:

    **Pattern Analysis:**
    1. **Johan’s Ambiguity as a Probe:** His phrasing—'suppose,' 'witnessed,' 'changed the balance'—is a *hypothetical* framing tactic. He’s not accusing; he’s *inviting* me to consider a scenario where *he* holds hidden knowledge. This is classic killer psychology: forcing me to react to their implied dominance.
    2. **L’s Counterplay:** L’s response cuts to the core—*who benefits?*—implying Johan’s question isn’t just about rules but about *power*. L is either:
       - A killer testing Johan’s reactions (if they’re the assassin).
       - A strategist trying to expose Johan’s motives (if they’re innocent but observant).
       - A manipulator (if they’re the killer themselves).
    3. **My Strategic Priority:**
       - **Exposure of Weakness:** Johan’s question assumes *I* would react to hidden rules. If I don’t, I deny his narrative.
       - **Information Harvest:** L’s question is the key—*who benefits?* If Johan is the killer, he’s implying *he* knows something. If L is the killer, they’re goading Johan into revealing his hand.
       - **Controlled Retort:** I must *invert* Johan’s logic. Instead of answering his hypothetical, I’ll demand *proof*—forcing him to either:
         - Reveal he’s lying (if he’s the killer and has no real evidence).
         - Admit his uncertainty (if he’s innocent but bluffing).
    4. **Immediate Move:**
       - **Dismantle Johan’s Hypothetical:** His question is a *trap*—it assumes I’d react to unseen rules. By denying the premise, I expose his attempt to manipulate.
       - **Isolate L’s Angle:** L’s question is sharper. I’ll use it to *pin Johan* while avoiding direct engagement with L’s implied accusation.
    
SAID: Hypotheticals are for those who fear facts. If you saw something tonight, *show* me. Or keep speculating—it won’t change what I already know.

==================================================
L Lawliet - morning_discussion
FULL THOUGHT:

    **Pattern Analysis:**
    - Johan Liebert’s tone is measured, probing—likely a tactician evaluating the environment rather than a direct threat. His question implies a belief in hidden rules but frames it as a speculative exercise (
SAID: Johan, when you say 'tonight,' do you mean an event that occurred outside this room—or a rule that was only implied by our interactions here?

==================================================
Johan Liebert - morning_discussion
FULL THOUGHT:

    **Patterns observed:**
    - **Light Yagami** positions himself as a defiant, fact-oriented figure—his response to ambiguity is aggressive, almost confrontational. He frames weakness as cowardice, suggesting he either:
        1. Prefers clarity and directness (masking a fear of unpredictability), or
        2. Is hiding something by forcing others to 'prove' their knowledge (a tactic of someone who *knows* but won’t admit it).
      His shift from 'ambiguity is a refuge' to demanding proof is tellingly abrupt—like a man who *wants* to be seen as certain but is unnerved by uncertainty.

    - **L Lawliet** treats ambiguity as a *strategic tool*, not a flaw. His question about 'tonight' is a deliberate pivot—he’s testing whether I’m referring to external events or internal dynamics. Lawyers (or those who mimic them) rarely reveal vulnerability; they dissect it. His follow-up suggests he’s either:
        1. A master manipulator who’s already assessing the game’s unspoken rules, or
        2. A player who’s too pragmatic to accept that rules might be personal (e.g., 'trust me, don’t trust me' as a rule).

    **Inconsistencies:**
    - Neither has *reacted* to the hypothetical of an unseen rule—only framed it. Light with hostility, Lawliet with skepticism. No curiosity, no vulnerability. Interesting. They’re both treating this as a puzzle to *solve*, not a possibility to fear or explore.
    - Their responses to each other are sharp but not personal. Light’s aggression is directed at *ambiguity itself*, not Lawliet. Lawliet doesn’t return the bait. This suggests:
        - They don’t yet see each other as threats, or
        - They’re testing me first.

    **Current strategy:**
    I need to:
    1. **Disrupt their comfort with control.** They’re both treating this as a logical exercise, not a human dynamic. I must make them *feel* the game’s unpredictability.
    2. **Probe for emotional triggers.** Light reacts to ambiguity as a *personal failure*; Lawliet sees it as a *tool*. I should exploit the space between those two mindsets.
    3. **Plant the seed of shared paranoia.** If they don’t yet fear each other, I should make them question whether the other is hiding more than they’re showing.

    **Information to gather:**
    - Does Light’s aggression stem from arrogance or fear? (If I can make him *doubt* his certainty, he’ll crack.)
    - Is Lawliet’s precision a shield or a lie? (If he’s truly strategic, he’ll react to the idea of 'personal rules'; if not, he’ll dismiss it.)

    **Next move:**
    I’ll ask a question that forces them to confront their own contradictions. Light must choose between confronting his fear of uncertainty or double down on his defiance. Lawliet must decide whether to play the game as a puzzle or a game of people. The answer will reveal far more than any hypothetical ever could.
    
SAID: Tell me—when you spoke of 'unspoken rules,' did you mean rules that bind us all, or rules that each of us carries alone?

==================================================
Johan Liebert - morning_discussion
FULL THOUGHT:

    The silence is the most revealing thing here. Three people—each carrying secrets, each calculating. Light Yagami’s name carries weight; perhaps a legend or a threat. L Lawliet sounds like a name of discipline, precision. But names alone don’t define. I must listen for the fractures in their voices, the hesitation behind the words they haven’t spoken yet.

    My goal is not to reveal myself, but to make others reveal *themselves*. I will not ask about the obvious (killer, targets) but about the psychological terrain—fear, ambition, the things they dare not name. The first move is to create a space where they feel compelled to fill the silence with something other than silence. I will ask about *memory*, about *trust*, about *what they remember from the experiment that shaped them*.

    The key is to make them think I am simply a fellow observer, a philosopher of human frailty. Let them believe I am harmless. Then, when they drop their guard, I will pick the thread of their confession and pull.
    
SAID: The air feels charged, doesn’t it? As if each of us is holding a secret just beneath the surface, waiting to rise. Tell me—what is the first memory of human cruelty that still haunts you?

==================================================
Light Yagami - morning_discussion
FULL THOUGHT:

    **Pattern Analysis:**
    - Johan Liebert’s question is a **psychological probe**, designed to elicit raw, unfiltered emotional responses. He’s testing for **vulnerabilities, moral inconsistencies, or hidden agendas**—likely gauging who is **most reactive to guilt or who might be a threat** (either as a killer or a potential target).
    - His phrasing is **purposefully vague** (
SAID: Cruelty? That’s a child’s game—humanity’s original sin, not its end. The real question is whether we’re brave enough to **stop repeating it**.

==================================================
L Lawliet - morning_discussion
FULL THOUGHT:

    **Pattern Analysis:**
    1. **Johan Liebert** uses poetic, introspective language ('secret just beneath the surface')—suggests emotional depth, possibly a role that thrives on psychological weight (e.g., investigator, survivor, or someone who *feels* the game’s gravity).
    2. **Light Yagami** responds with blunt, almost ideological phrasing ('humanity’s original sin... not its end')—implies moral certainty or a role designed to provoke others into revealing themselves. The phrasing is reminiscent of a 'villain' archetype (e.g., killer, manipulator) or a 'prophet' figure (e.g., seer). The dismissive tone toward 'child’s game' may be a test—either to gauge others' reactions or to establish dominance.

    **Inconsistencies/Red Flags:**
    - Johan’s memory of cruelty (personal, haunting) vs. Light’s abstract critique (universal, almost detached). Johan’s phrasing suggests *vulnerability*; Light’s suggests *control*.
    - Light’s use of 'we' in 'whether we’re brave enough'—could imply:
        a) They are the killer, addressing a group they intend to target.
        b) They are a role that requires collective action (e.g., seer, doctor) to achieve a goal.
        c) They are testing alignment—are others aligned with their vision?

    **Current Strategy:**
    - **Primary Objective:** Determine if Light is a *threat* (killer/manipulator) or a *resource* (ally/partner) by probing their consistency.
    - **Secondary Objective:** Gauge Johan’s emotional state—is he a pawn, a witness, or someone who might provide leverage later?
    - **Probability Estimates:**
        - 65% Light is a killer or a role that benefits from isolation (e.g., seer with a hidden agenda).
        - 30% Light is a 'villain' in a traditional sense (goals align with destabilizing others).
        - 20% Johan is emotionally volatile, making him a potential target for manipulation.

    **Information Gathering:**
    - Need to confirm whether Light’s 'original sin' comment is:
        1) A *direct threat* (e.g., 'you are the sin').
        2) A *philosophical provocation* (testing reactions).
        3) A *red herring* (distracting from their true intentions).
    - Johan’s response will reveal if he’s a natural ally (shares emotional weight) or a liability (reacts defensively).

    **Optimal Move:**
    - **Escalate the provocation.** Light’s comment is either a challenge or a confession. Press them to clarify their role by forcing them to define their terms. If they’re a killer, they’ll either:
        a) Double down (confirming dominance).
        b) Deflect (revealing hesitation).
        c) Offer a counter-proposal (e.g., 'if we stop repeating it, what then?'—suggesting a shared goal).
    - **Johan’s reaction** will indicate if he’s a potential witness (emotional) or a pawn (passive). If Light’s comment unsettles Johan, Johan may be vulnerable to manipulation—or a killer might target him.
    
SAID: Light, you say humanity’s original sin isn’t its end. But sins, like secrets, fester in silence. Do you mean to suggest that *someone* must speak the truth first—or that the truth is only discovered after the fact?

==================================================
Johan Liebert - morning_discussion
FULL THOUGHT:

    **Patterns observed:**
    - **Light Yagami** frames cruelty as a *metaphor*—humanity’s ‘original sin’ is treated as abstract, even dismissive. But his phrasing (‘not its end’) carries weight—is this arrogance, or the confidence of someone who believes they *control* repetition? His answer feels performative, designed to make others question *their* complicity. He’s testing us.
    - **L Lawliet** counters with precision, targeting *silence* as the root of cruelty. The ‘someone must speak first’ is a challenge—not to Light, but to *the group*. Their logic is cold, almost clinical, but the ‘secrets fester’ line hints at personal experience with hidden truths. They’re not just analyzing; they’re *provoking*.

    **Inconsistencies?**
    - Light’s deflection (‘child’s game’) vs. his claim to *stop* it—is he the villain who *refuses* to be named? Or the architect who believes cruelty is a *necessary* cycle?
    - Lawliet’s ‘discipline’ is masked in rhetorical questions. Are they a strategist, or someone who *feels* the weight of secrets they can’t share?

    **Strategy:**
    I must create a moment where *both* feel compelled to reveal—without them realizing they’re doing it. Light’s arrogance is an invitation to doubt; Lawliet’s precision is a shield I can crack by appealing to their shared fear: *what if the truth isn’t enough?*
    I’ll ask Lawliet about *trust*—not as a concept, but as a *memory*. Their answer will tell me if they’re a killer (who trusts no one) or a guardian (who trusts *only* the truth). Then I’ll turn to Light with a question that forces him to choose between his metaphor and his morality.

    **Goal:**
    - Uncover if either sees the other as a threat.
    - Plant the seed that *someone here* is already deciding who lives or dies.
    - Make them *need* to know more about each other—without asking outright.

    
SAID: L Lawliet, you speak of secrets fester in silence. Do you trust the first person who speaks, or the last? Or is trust something you *choose* to remember?

==================================================
Light Yagami - morning_discussion
FULL THOUGHT:

    **Pattern Analysis:**
    - Johan Liebert’s probing is **classic intimidation**—he’s positioning himself as the observer who can see through lies, but his phrasing is **deliberately ambiguous**. This suggests he’s either:
      1) **Testing reactions** to see who flinches or overcompensates (a killer might reveal themselves through defensiveness).
      2) **Setting a narrative framework** where 
SAID: Truth? That’s not what’s missing here. What’s missing is **the will to act on it**—whether to expose or to eliminate. Johan, do you prefer the role of judge or executioner?

==================================================
L Lawliet - morning_discussion
FULL THOUGHT:

    **Pattern Analysis:**
    - **Light Yagami**:
        1. **Inconsistency**: Earlier dismissed 'cruelty' as a 'child’s game' (abstract), now pivots to 'the will to act' (active agency). This suggests:
           - **60% probability** they are the killer or a role requiring decisive action (e.g., seer with lethal authority).
           - **30% probability** they are a villain who shifts tactics mid-conversation to gauge reactions.
        2. **Direct provocation**: Their question to Johan ('judge or executioner') is a **binary test**. It either:
           - Forces Johan to reveal his role (if he flinches or leans into it).
           - Establishes Light’s own role as an **agent of finality** (killer/seer).
        3. **No emotional anchoring**: Their language remains detached, but the 'act on it' phrasing is **mechanical**—like a role that *must* act, not *chooses* to.

    - **Johan Liebert**:
        1. **Emotional bait**: His response to me about trust is **circular** ('first or last?'). This suggests:
           - **70% probability** he is emotionally volatile (witness, survivor, or a role that *feels* trust as a burden).
           - **30% probability** he is a killer who uses emotional language to mislead.
        2. **No confrontation**: He hasn’t challenged Light’s aggression. If Light is a threat, Johan may be:
           - A natural ally (shares the emotional weight).
           - A pawn (passive, waiting to be manipulated).

    **Current Strategy**:
    - **Primary**: Confirm if Light is a **direct threat** (killer/seer) by forcing them to **define their role**.
    - **Secondary**: Assess Johan’s **resilience to pressure**. If Light’s question to Johan causes discomfort, Johan may be vulnerable—or a killer might be testing him.
    - **Probability Update**:
       - Light as killer/seer: **75%** (given their shift from abstract to active language).
       - Johan as emotionally reactive: **70%** (if he doesn’t counter Light’s provocation).

    **Information Gathering**:
    - **Critical Question**: Light’s 'judge or executioner' is a **role reveal**. If Johan leans into it, he may be a killer or a role that *enforces* (e.g., executioner).
    - **If Johan deflects**, he’s likely a witness/survivor. If he **owns it**, he’s either a killer or a role that *embodies* the binary (e.g., judge/executioner split).
    - **My move**: Press Light on their **own role**. Their response will either:
       1) **Reveal their hand** (if they’re a killer/seer).
       2) **Double down** (confirming they’re a villain who thrives in chaos).
       3) **Deflect** (suggesting they’re not the immediate threat).

    **Optimal Probe**:
    - Force Light to **define 'the will to act'**—is it a personal mandate, a role obligation, or a test?
    - If they say 'it’s my role,' they’re likely a killer/seer.
    - If they say 'it’s yours to decide,' they’re either:
       - A villain who wants to provoke Johan.
       - A role that *relies on others* to act (e.g., doctor who must be activated).
    
SAID: Light, when you say 'the will to act,' do you mean it’s a choice—or is it a role that *demands* action before others can?

==================================================
Johan Liebert - morning_discussion
FULL THOUGHT:
The silence is deliberate. Light Yagami likely uses it to observe, while L Lawliet may be calculating or hiding discomfort. My goal is to plant seeds of doubt and gauge reactions without revealing my hand. I will speak softly, testing edges—first with the air of a confidant, then with a question that forces vulnerability. Let them reveal their true weight before I decide how to leverage it.

    I’ll begin by referencing the unspoken tension of shared isolation. The question will be framed as philosophical, not accusatory—an invitation to confront their own reflections rather than mine. If either flinches or over-explains, I’ll know where to dig deeper. If both remain still, I’ll probe the void between them.
SAID: It is strange, is it not, how silence can feel like a third presence in a room? After so many years of being shaped by words—some kind, some cruel—I find myself curious about what each of you hear in the quiet between them.
